Loading ground-truth ODE params from /workspace/connectome-gnn/scripts/../graphs_data/fly/flyvis_noise_free/ode_params.pt
  N = 13741 neurons,  E = 434112 edges
  W: mean=0.0179, std=0.1781, range=[-1.5030, 4.1733]
Loading flyvis cell type mapping...
  ✓ Loaded 65 cell types from flyvis network
  Diagnostic: 10920 neurons have different assignment in tau/vrest vs flyvis
  ⚠️  Cell type assignments DIFFER between flyvis and tau/vrest approaches
  Input-only neurons (retina): 10 (types: [np.int64(25), np.int64(28)])
  Note: Retina types are NOW INCLUDED in variant generation

  Saved ground truth -> /workspace/connectome-gnn/scripts/../graphs_data/degenerate_matrix/variant_00_ground_truth

======================================================================
SECTION 1: SINGLE-TYPE VARIANTS
======================================================================
  Types with degenerate groups: 52
  Scales per type: 15
  Total single-type variants: 52 types × 15 = 780
  R2      :   227 groups, null_dim=   754, R2@scale=8.0: [93m0.9421[0m
  R3      :  1243 groups, null_dim=  3257, R2@scale=8.0: [92m0.9672[0m
  R4      :   849 groups, null_dim=  4608, R2@scale=8.0: [93m0.7408[0m
  R5      :   867 groups, null_dim=  3734, R2@scale=8.0: [92m0.9921[0m
  R6      :   252 groups, null_dim=  2497, R2@scale=8.0: [92m0.9995[0m
  R7      :   677 groups, null_dim=  2729, R2@scale=8.0: [92m0.9987[0m
  R8      :  1467 groups, null_dim=  3200, R2@scale=8.0: [93m0.8993[0m
  L1      :  3035 groups, null_dim=  6136, R2@scale=8.0: [93m0.7275[0m
  L2      :  1884 groups, null_dim=  7463, R2@scale=8.0: [93m0.6171[0m
  L4      :   445 groups, null_dim=  1040, R2@scale=8.0: [92m0.9961[0m
  L5      :  3602 groups, null_dim= 25834, R2@scale=8.0: [93m0.7332[0m
  Lawf1   :   436 groups, null_dim=  1878, R2@scale=8.0: [92m0.9967[0m
  Am      :   859 groups, null_dim=  3168, R2@scale=8.0: [92m0.9512[0m
  C2      :  1515 groups, null_dim=  6053, R2@scale=8.0: [93m0.9270[0m
  C3      :   184 groups, null_dim=   184, R2@scale=8.0: [92m1.0000[0m
  CT1(Lo1):   217 groups, null_dim=  1183, R2@scale=8.0: [92m1.0000[0m
  CT1(M10):  1240 groups, null_dim=  2751, R2@scale=8.0: [93m0.8774[0m
  Mi2     :  2993 groups, null_dim= 14439, R2@scale=8.0: [93m0.9146[0m
  Mi3     :  2370 groups, null_dim= 11889, R2@scale=8.0: [93m0.9375[0m
  Mi14    :   217 groups, null_dim=   600, R2@scale=8.0: [92m0.9649[0m
  Mi15    :   408 groups, null_dim=   600, R2@scale=8.0: [93m0.8710[0m
  T2      :  1065 groups, null_dim=  4987, R2@scale=8.0: [92m0.9692[0m
  T2a     :  1385 groups, null_dim=  3064, R2@scale=8.0: [92m0.9688[0m
  T3      :   600 groups, null_dim=   768, R2@scale=8.0: [92m0.9664[0m
  T4a     :  1649 groups, null_dim=  6509, R2@scale=8.0: [92m0.9668[0m
  T4b     :   651 groups, null_dim=  6107, R2@scale=8.0: [92m0.9904[0m
  T4c     :   867 groups, null_dim= 12564, R2@scale=8.0: [92m0.9875[0m
  T4d     :   842 groups, null_dim=  4963, R2@scale=8.0: [92m0.9778[0m
  T5a     :  1035 groups, null_dim=  5604, R2@scale=8.0: [92m0.9975[0m
  T5b     :   867 groups, null_dim=  6059, R2@scale=8.0: [92m0.9977[0m
  T5c     :   867 groups, null_dim=  8765, R2@scale=8.0: [92m0.9903[0m
  T5d     :   849 groups, null_dim=  4617, R2@scale=8.0: [92m0.9916[0m
  Tm1     :  3230 groups, null_dim= 15525, R2@scale=8.0: [93m0.7381[0m
  Tm2     :  2343 groups, null_dim=  5302, R2@scale=8.0: [93m0.9329[0m
  Tm3     :  2534 groups, null_dim= 11068, R2@scale=8.0: [93m0.8141[0m
  Tm4     :   434 groups, null_dim=  1984, R2@scale=8.0: [92m0.9945[0m
  Tm5Y    :   217 groups, null_dim=   983, R2@scale=8.0: [92m1.0000[0m
  Tm5a    :  3212 groups, null_dim= 20471, R2@scale=8.0: [92m0.9694[0m
  Tm5c    :  3542 groups, null_dim= 15971, R2@scale=8.0: [91m0.2823[0m
  Tm16    :   400 groups, null_dim=  1134, R2@scale=8.0: [92m0.9899[0m
  Tm20    :   217 groups, null_dim=  1568, R2@scale=8.0: [92m0.9966[0m
  Tm28    :   400 groups, null_dim=   400, R2@scale=8.0: [93m0.7526[0m
  Tm30    :  1631 groups, null_dim=  3855, R2@scale=8.0: [93m0.5658[0m
  TmY3    :   633 groups, null_dim=  1600, R2@scale=8.0: [92m0.9983[0m
  TmY4    :   400 groups, null_dim=   584, R2@scale=8.0: [92m0.9931[0m
  TmY5a   :   867 groups, null_dim=  2767, R2@scale=8.0: [93m0.9409[0m
  TmY9    :  3749 groups, null_dim= 43299, R2@scale=8.0: [92m0.9517[0m
  TmY10   :  1267 groups, null_dim=  3918, R2@scale=8.0: [92m0.9723[0m
  TmY13   :  1026 groups, null_dim=  4427, R2@scale=8.0: [92m0.9942[0m
  TmY14   :   928 groups, null_dim=  1311, R2@scale=8.0: [92m0.9710[0m
  TmY15   :   984 groups, null_dim=  1536, R2@scale=8.0: [92m0.9719[0m
  TmY18   :   601 groups, null_dim=  2453, R2@scale=8.0: [92m0.9934[0m

  ✓ Saved 780 single-type variants

======================================================================
SECTION 2: MIXED-TYPE VARIANTS (top 10 types)
======================================================================
  Top 10 types by null space:
    #  Type ID   null_dim   groups
    1       59      43299     3749
    2       12      25834     3602
    3       48      20471     3212
    4       50      15971     3542
    5       43      15525     3230
    6       21      14439     2993
    7       37      12564      867
    8       22      11889     2370
    9       45      11068     2534
   10       41       8765      867
  Total null space (all top types): 179825
  Variants to generate: 1000
  Amplitude range (log-uniform): [0.05, 8.00]
  Generated variant  100/1000:
    connectivity R2: mean=0.7968±0.1888  min=0.1872  max=0.9981
    rollout R2:      [computed via separate ODE rollout]
  Generated variant  200/1000:
    connectivity R2: mean=0.8252±0.1674  min=0.1872  max=0.9981
    rollout R2:      [computed via separate ODE rollout]
  Generated variant  300/1000:
    connectivity R2: mean=0.8349±0.1642  min=0.1872  max=0.9989
    rollout R2:      [computed via separate ODE rollout]
  Generated variant  400/1000:
    connectivity R2: mean=0.8401±0.1550  min=0.1872  max=0.9989
    rollout R2:      [computed via separate ODE rollout]
  Generated variant  500/1000:
    connectivity R2: mean=0.8419±0.1616  min=0.1509  max=0.9989
    rollout R2:      [computed via separate ODE rollout]
  Generated variant  600/1000:
    connectivity R2: mean=0.8346±0.1683  min=0.0583  max=0.9989
    rollout R2:      [computed via separate ODE rollout]
  Generated variant  700/1000:
    connectivity R2: mean=0.8371±0.1669  min=0.0568  max=0.9989
    rollout R2:      [computed via separate ODE rollout]
  Generated variant  800/1000:
    connectivity R2: mean=0.8384±0.1669  min=0.0568  max=0.9989
    rollout R2:      [computed via separate ODE rollout]
  Generated variant  900/1000:
    connectivity R2: mean=0.8378±0.1657  min=0.0568  max=0.9989
    rollout R2:      [computed via separate ODE rollout]
  Generated variant 1000/1000:
    connectivity R2: mean=0.8387±0.1644  min=0.0568  max=0.9989
    rollout R2:      [computed via separate ODE rollout]

  ✓ Saved 1000 mixed-type variants

  final statistics (mixed-type variants, 1000 variants):
    connectivity R2: mean=0.8387±0.1644  min=0.0568  max=0.9989
    rollout R2:      [to be computed via ODE rollout script]

======================================================================
CELL TYPES WITH DEGENERATE GROUPS
======================================================================

      Cell Type  n_neurons
             R2        217
             R3        217
             R4        217
             R5        217
             R6        217
             R7        217
             R8        217
             L1        217
             L2        217
             L4         35
             L5        217
          Lawf1        217
             Am        217
             C2        217
             C3        217
       CT1(Lo1)        217
       CT1(M10)        217
            Mi2        217
            Mi3        217
           Mi14        217
           Mi15        217
             T2        217
            T2a        217
             T3        217
            T4a        217
            T4b        217
            T4c        217
            T4d        217
            T5a        217
            T5b        217
            T5c        217
            T5d        217
            Tm1        217
            Tm2        217
            Tm3        217
            Tm4        217
           Tm5Y        217
           Tm5a        217
           Tm5c        217
           Tm16        217
           Tm20        217
           Tm28        217
           Tm30        217
           TmY3        217
           TmY4        217
          TmY5a        217
           TmY9        217
          TmY10        217
          TmY13        217
          TmY14        217
          TmY15        217
          TmY18        217

======================================================================
NEXT STEP
======================================================================
To compute rollout R2 (dynamics preservation) for all variants:
  python scripts/rollout_degenerate_W.py
This will run ODE simulations and generate rollout statistics.

======================================================================
SUMMARY
======================================================================
  Source:               ../graphs_data/fly/flyvis_noise_free/ode_params.pt
  Output:               ../graphs_data/degenerate_matrix/

  SECTION 1 (Single-Type):
    Types:              52
    Scales per type:    15
    Variants:           780
    Scale factors:      [0.05, 0.1, 0.2, 0.35, 0.5, 0.75, 1.0, 1.5, 2.0, 2.5, 3.0, 4.0, 5.0, 6.0, 8.0]

  SECTION 2 (Mixed-Type):
    Top types:          10
    Variants:           1000
    Amplitude range:    log-uniform [0.05, 8.0]

  TOTAL VARIANTS:       1780
  Seed:                 42
  Perturbations:        sum-preserving within (dst, src_type) groups
======================================================================
